<?xml version="1.0" encoding="UTF-8"?>
<!-- Generated by org.testng.reporters.JUnitReportReporter -->
<testsuite hostname="rajae-PC" failures="0" tests="6" name="TestLink.TestCases.login.Login" time="37.768" errors="0" timestamp="31 May 2020 15:16:51 GMT">
  <testcase classname="TestLink.TestCases.login.Login" name="loginInvalidCase" time="6.373"/>
  <testcase classname="TestLink.TestCases.login.Login" name="loginInvalidCase" time="6.063"/>
  <testcase classname="TestLink.TestCases.login.Login" name="loginValidCase" time="7.919"/>
  <testcase classname="TestLink.TestCases.login.Login" name="loginInvalidCase" time="5.949"/>
  <testcase classname="TestLink.TestCases.login.Login" name="loginInvalidCase" time="6.434"/>
  <testcase classname="TestLink.TestCases.login.Login" name="loginInvalidCase" time="5.030"/>
</testsuite> <!-- TestLink.TestCases.login.Login -->
