<?xml version="1.0" encoding="UTF-8"?>
<!-- Generated by org.testng.reporters.JUnitReportReporter -->
<testsuite hostname="rajae-PC" failures="0" tests="3" name="TestLink.TestCases.TS_TL_002_ForgetPass" time="8.034" errors="0" timestamp="2 Jan 2020 09:56:28 GMT">
  <testcase classname="TestLink.TestCases.TS_TL_002_ForgetPass" name="ForgetPassInvalidCase" time="2.849"/>
  <testcase classname="TestLink.TestCases.TS_TL_002_ForgetPass" name="ForgetPassValidCase" time="2.102"/>
  <testcase classname="TestLink.TestCases.TS_TL_002_ForgetPass" name="ForgetPassInvalidCase" time="3.083"/>
</testsuite> <!-- TestLink.TestCases.TS_TL_002_ForgetPass -->
