<?xml version="1.0" encoding="UTF-8"?>
<!-- Generated by org.testng.reporters.JUnitReportReporter -->
<testsuite hostname="rajae-PC" failures="0" tests="7" name="TestLink.TestCases.AuthenticationTest" time="17.349" errors="0" timestamp="2 Jan 2020 08:29:07 GMT">
  <testcase classname="TestLink.TestCases.AuthenticationTest" name="authenticationInvalidCase" time="3.568"/>
  <testcase classname="TestLink.TestCases.AuthenticationTest" name="authenticationInvalidCase" time="1.386"/>
  <testcase classname="TestLink.TestCases.AuthenticationTest" name="Logout" time="5.386"/>
  <testcase classname="TestLink.TestCases.AuthenticationTest" name="authenticationInvalidCase" time="1.513"/>
  <testcase classname="TestLink.TestCases.AuthenticationTest" name="authenticationInvalidCase" time="1.002"/>
  <testcase classname="TestLink.TestCases.AuthenticationTest" name="authenticationInvalidCase" time="0.915"/>
  <testcase classname="TestLink.TestCases.AuthenticationTest" name="authenticationValidCase" time="3.579"/>
</testsuite> <!-- TestLink.TestCases.AuthenticationTest -->
