<?xml version="1.0" encoding="UTF-8"?>
<!-- Generated by org.testng.reporters.JUnitReportReporter -->
<testsuite hostname="rajae-PC" failures="0" tests="5" name="TestLink.TestCases.TS_TL_001_AuthenticationTest" time="24.556" errors="0" timestamp="26 May 2020 10:24:43 GMT">
  <testcase classname="TestLink.TestCases.TS_TL_001_AuthenticationTest" name="authenticationInvalidCase" time="5.239"/>
  <testcase classname="TestLink.TestCases.TS_TL_001_AuthenticationTest" name="authenticationInvalidCase" time="3.943"/>
  <testcase classname="TestLink.TestCases.TS_TL_001_AuthenticationTest" name="authenticationInvalidCase" time="4.523"/>
  <testcase classname="TestLink.TestCases.TS_TL_001_AuthenticationTest" name="authenticationInvalidCase" time="5.297"/>
  <testcase classname="TestLink.TestCases.TS_TL_001_AuthenticationTest" name="authenticationInvalidCase" time="5.554"/>
</testsuite> <!-- TestLink.TestCases.TS_TL_001_AuthenticationTest -->
