<?xml version="1.0" encoding="UTF-8"?>
<!-- Generated by org.testng.reporters.JUnitReportReporter -->
<testsuite hostname="rajae-PC" failures="0" tests="1" name="TestLink.TestCases.login.TS_TL_001_Authentication" time="8.102" errors="0" timestamp="30 May 2020 16:25:55 GMT">
  <testcase classname="TestLink.TestCases.login.TS_TL_001_Authentication" name="authenticationValidCase" time="8.102"/>
</testsuite> <!-- TestLink.TestCases.login.TS_TL_001_Authentication -->
