<?xml version="1.0" encoding="UTF-8"?>
<!-- Generated by org.testng.reporters.JUnitReportReporter -->
<testsuite hostname="rajae-PC" failures="0" tests="2" name="TestLink.TestCases.userManagement.TS_TL_003_AddUser" time="15.019" errors="0" timestamp="30 May 2020 16:25:55 GMT">
  <testcase classname="TestLink.TestCases.userManagement.TS_TL_003_AddUser" name="CreateUserValidCase" time="9.305"/>
  <testcase classname="TestLink.TestCases.userManagement.TS_TL_003_AddUser" name="LoginUserCreated" time="5.714"/>
</testsuite> <!-- TestLink.TestCases.userManagement.TS_TL_003_AddUser -->
