<?xml version="1.0" encoding="UTF-8"?>
<!-- Generated by org.testng.reporters.JUnitReportReporter -->
<testsuite hostname="rajae-PC" failures="0" tests="2" name="TestLink.TestCases.TS_TL_003_AddUser" time="15.170" errors="0" timestamp="30 May 2020 12:39:48 GMT">
  <testcase classname="TestLink.TestCases.TS_TL_003_AddUser" name="LoginUserCreated" time="5.528"/>
  <testcase classname="TestLink.TestCases.TS_TL_003_AddUser" name="CreateUserValidCase" time="9.642"/>
</testsuite> <!-- TestLink.TestCases.TS_TL_003_AddUser -->
