<?xml version="1.0" encoding="UTF-8"?>
<!-- Generated by org.testng.reporters.JUnitReportReporter -->
<testsuite hostname="rajae-PC" failures="0" tests="2" name="TestLink.TestCases.userManagement.CreateUser" time="17.940" errors="0" timestamp="31 May 2020 15:16:51 GMT">
  <testcase classname="TestLink.TestCases.userManagement.CreateUser" name="LoginUserCreated" time="4.590"/>
  <testcase classname="TestLink.TestCases.userManagement.CreateUser" name="CreateUserValidCase" time="13.350"/>
</testsuite> <!-- TestLink.TestCases.userManagement.CreateUser -->
